<?xml version="1.0" encoding="UTF-8"?>
<!-- Generated by org.testng.reporters.JUnitXMLReporter -->
<testsuite ignored="0" hostname="LAPTOP-RCGHB8E5" failures="1" tests="3" name="Test" time="1.977" errors="0" timestamp="2026-09-08T13:49:29 IST">
  <testcase classname="testClass.LoginTest1" name="ValidateUsername" time="1.687"/>
  <testcase classname="testClass.LoginTest1" name="ValidatePassword" time="0.076"/>
  <testcase classname="testClass.LoginTest1" name="validateLoginButton" time="0.009">
    <failure type="java.lang.AssertionError" message="null">
      <![CDATA[java.lang.AssertionError: null
at testClass.LoginTest1.validateLoginButton(LoginTest1.java:36)
at java.base/java.util.ArrayList.forEach(ArrayList.java:1541)
... Removed 29 stack frames]]>
    </failure>
  </testcase> <!-- validateLoginButton -->
</testsuite> <!-- Test -->
